<?xml version="1.0" encoding="UTF-8" standalone="no"?>
<testsuite failures="1" name="cucumber.runtime.formatter.JUnitFormatter" skipped="0" tests="1" time="16.809369">
<testcase classname="User should login the Demo Application" name="To login the demo app- 102" time="16.809369">
<failure message="java.lang.Exception&#13;&#10;&#9;at com.BaseAdactin.Base_Adactin.inputValuestoWebelement(Base_Adactin.java:109)&#13;&#10;&#9;at com.stepdefinition.Stepdefinition_Demo.user_enter_the_username_in_the_email_feild(Stepdefinition_Demo.java:29)&#13;&#10;&#9;at ✽.When User enter the username in the email feild(DemoAp.feature:6)&#13;&#10;"><![CDATA[Given User launch the demo application......................................passed
When User enter the username in the email feild.............................failed
And User enter the password in the password feild...........................skipped
And User click on Sign in button............................................skipped
Then User verify the project name in the logo...............................skipped

StackTrace:
java.lang.Exception
	at com.BaseAdactin.Base_Adactin.inputValuestoWebelement(Base_Adactin.java:109)
	at com.stepdefinition.Stepdefinition_Demo.user_enter_the_username_in_the_email_feild(Stepdefinition_Demo.java:29)
	at ✽.When User enter the username in the email feild(DemoAp.feature:6)
]]></failure>
</testcase>
</testsuite>
